2022-10-04 13:22:50.134  INFO  38424 --- [main] c.e.e.ElkLogSystemApplication            : Starting ElkLogSystemApplication using Java 18 on artem-ROG-Strix-G513IC-G513IC with PID 38424 (/home/artem/work/elkLogsSystem/elkLogSystem/target/classes started by artem in /home/artem/work/elkLogsSystem/elkLogSystem)
2022-10-04 13:22:50.136  INFO  38424 --- [main] c.e.e.ElkLogSystemApplication            : No active profile set, falling back to 1 default profile: "default"
2022-10-04 13:22:50.906  INFO  38424 --- [main] o.s.b.w.embedded.tomcat.TomcatWebServer  : Tomcat initialized with port(s): 8080 (http)
2022-10-04 13:22:50.913  INFO  38424 --- [main] o.apache.catalina.core.StandardService   : Starting service [Tomcat]
2022-10-04 13:22:50.913  INFO  38424 --- [main] org.apache.catalina.core.StandardEngine  : Starting Servlet engine: [Apache Tomcat/9.0.65]
2022-10-04 13:22:50.976  INFO  38424 --- [main] o.a.c.c.C.[Tomcat].[localhost].[/]       : Initializing Spring embedded WebApplicationContext
2022-10-04 13:22:50.976  INFO  38424 --- [main] w.s.c.ServletWebServerApplicationContext : Root WebApplicationContext: initialization completed in 790 ms
2022-10-04 13:22:51.406  INFO  38424 --- [main] o.s.b.w.embedded.tomcat.TomcatWebServer  : Tomcat started on port(s): 8080 (http) with context path ''
2022-10-04 13:22:51.416  INFO  38424 --- [main] c.e.e.ElkLogSystemApplication            : Started ElkLogSystemApplication in 1.593 seconds (JVM running for 2.637)
2022-10-04 13:23:11.366  INFO  38581 --- [main] c.e.e.ElkLogSystemApplication            : Starting ElkLogSystemApplication using Java 18 on artem-ROG-Strix-G513IC-G513IC with PID 38581 (/home/artem/work/elkLogsSystem/elkLogSystem/target/classes started by artem in /home/artem/work/elkLogsSystem/elkLogSystem)
2022-10-04 13:23:11.368  INFO  38581 --- [main] c.e.e.ElkLogSystemApplication            : No active profile set, falling back to 1 default profile: "default"
2022-10-04 13:23:12.058  INFO  38581 --- [main] o.s.b.w.embedded.tomcat.TomcatWebServer  : Tomcat initialized with port(s): 8080 (http)
2022-10-04 13:23:12.066  INFO  38581 --- [main] o.apache.catalina.core.StandardService   : Starting service [Tomcat]
2022-10-04 13:23:12.066  INFO  38581 --- [main] org.apache.catalina.core.StandardEngine  : Starting Servlet engine: [Apache Tomcat/9.0.65]
2022-10-04 13:23:12.127  INFO  38581 --- [main] o.a.c.c.C.[Tomcat].[localhost].[/]       : Initializing Spring embedded WebApplicationContext
2022-10-04 13:23:12.127  INFO  38581 --- [main] w.s.c.ServletWebServerApplicationContext : Root WebApplicationContext: initialization completed in 710 ms
2022-10-04 13:23:12.528  INFO  38581 --- [main] o.s.b.w.embedded.tomcat.TomcatWebServer  : Tomcat started on port(s): 8080 (http) with context path ''
2022-10-04 13:23:12.537  INFO  38581 --- [main] c.e.e.ElkLogSystemApplication            : Started ElkLogSystemApplication in 1.453 seconds (JVM running for 2.045)
2022-10-04 13:54:31.324  INFO  38581 --- [http-nio-8080-exec-2] o.a.c.c.C.[Tomcat].[localhost].[/]       : Initializing Spring DispatcherServlet 'dispatcherServlet'
2022-10-04 13:54:31.325  INFO  38581 --- [http-nio-8080-exec-2] o.s.web.servlet.DispatcherServlet        : Initializing Servlet 'dispatcherServlet'
2022-10-04 13:54:31.325  INFO  38581 --- [http-nio-8080-exec-2] o.s.web.servlet.DispatcherServlet        : Completed initialization in 0 ms
2022-10-04 13:54:31.355  INFO CorrelationId=9a56eea5-dc66-48e0-872d-a6944dedd89f 38581 --- [http-nio-8080-exec-2] c.e.e.conrollers.MainController          : Test request received with count: 2
2022-10-04 13:54:31.356  INFO CorrelationId=9a56eea5-dc66-48e0-872d-a6944dedd89f 38581 --- [http-nio-8080-exec-2] c.e.elkLogSystem.service.LogGenerator    : Start generating logs
2022-10-04 13:54:31.358  INFO CorrelationId=9a56eea5-dc66-48e0-872d-a6944dedd89f 38581 --- [http-nio-8080-exec-2] c.e.elkLogSystem.service.LogGenerator    : Log 0
2022-10-04 13:54:31.358  INFO CorrelationId=9a56eea5-dc66-48e0-872d-a6944dedd89f 38581 --- [http-nio-8080-exec-2] c.e.elkLogSystem.service.LogGenerator    : Log 1
2022-10-04 13:55:46.682  INFO  42094 --- [main] c.e.e.ElkLogSystemApplication            : Starting ElkLogSystemApplication using Java 18 on artem-ROG-Strix-G513IC-G513IC with PID 42094 (/home/artem/work/elkLogsSystem/elkLogSystem/target/classes started by artem in /home/artem/work/elkLogsSystem/elkLogSystem)
2022-10-04 13:55:46.684  INFO  42094 --- [main] c.e.e.ElkLogSystemApplication            : No active profile set, falling back to 1 default profile: "default"
2022-10-04 13:55:47.352  INFO  42094 --- [main] o.s.b.w.embedded.tomcat.TomcatWebServer  : Tomcat initialized with port(s): 8080 (http)
2022-10-04 13:55:47.358  INFO  42094 --- [main] o.apache.catalina.core.StandardService   : Starting service [Tomcat]
2022-10-04 13:55:47.358  INFO  42094 --- [main] org.apache.catalina.core.StandardEngine  : Starting Servlet engine: [Apache Tomcat/9.0.65]
2022-10-04 13:55:47.415  INFO  42094 --- [main] o.a.c.c.C.[Tomcat].[localhost].[/]       : Initializing Spring embedded WebApplicationContext
2022-10-04 13:55:47.415  INFO  42094 --- [main] w.s.c.ServletWebServerApplicationContext : Root WebApplicationContext: initialization completed in 683 ms
2022-10-04 13:55:47.827  INFO  42094 --- [main] o.s.b.w.embedded.tomcat.TomcatWebServer  : Tomcat started on port(s): 8080 (http) with context path ''
2022-10-04 13:55:47.836  INFO  42094 --- [main] c.e.e.ElkLogSystemApplication            : Started ElkLogSystemApplication in 1.435 seconds (JVM running for 2.017)
2022-10-04 14:12:51.487  INFO  43405 --- [main] c.e.e.ElkLogSystemApplication            : Starting ElkLogSystemApplication using Java 18 on artem-ROG-Strix-G513IC-G513IC with PID 43405 (/home/artem/work/elkLogsSystem/elkLogSystem/target/classes started by artem in /home/artem/work/elkLogsSystem/elkLogSystem)
2022-10-04 14:12:51.489  INFO  43405 --- [main] c.e.e.ElkLogSystemApplication            : No active profile set, falling back to 1 default profile: "default"
2022-10-04 14:12:52.146  INFO  43405 --- [main] o.s.b.w.embedded.tomcat.TomcatWebServer  : Tomcat initialized with port(s): 8080 (http)
2022-10-04 14:12:52.153  INFO  43405 --- [main] o.apache.catalina.core.StandardService   : Starting service [Tomcat]
2022-10-04 14:12:52.153  INFO  43405 --- [main] org.apache.catalina.core.StandardEngine  : Starting Servlet engine: [Apache Tomcat/9.0.65]
2022-10-04 14:12:52.207  INFO  43405 --- [main] o.a.c.c.C.[Tomcat].[localhost].[/]       : Initializing Spring embedded WebApplicationContext
2022-10-04 14:12:52.207  INFO  43405 --- [main] w.s.c.ServletWebServerApplicationContext : Root WebApplicationContext: initialization completed in 677 ms
2022-10-04 14:12:52.597  INFO  43405 --- [main] o.s.b.w.embedded.tomcat.TomcatWebServer  : Tomcat started on port(s): 8080 (http) with context path ''
2022-10-04 14:12:52.606  INFO  43405 --- [main] c.e.e.ElkLogSystemApplication            : Started ElkLogSystemApplication in 1.388 seconds (JVM running for 1.898)
2022-10-04 14:12:57.977  INFO  43405 --- [http-nio-8080-exec-1] o.a.c.c.C.[Tomcat].[localhost].[/]       : Initializing Spring DispatcherServlet 'dispatcherServlet'
2022-10-04 14:12:57.977  INFO  43405 --- [http-nio-8080-exec-1] o.s.web.servlet.DispatcherServlet        : Initializing Servlet 'dispatcherServlet'
2022-10-04 14:12:57.978  INFO  43405 --- [http-nio-8080-exec-1] o.s.web.servlet.DispatcherServlet        : Completed initialization in 1 ms
2022-10-04 14:12:58.002  INFO CorrelationId=a4bcd468-45a9-43f7-9dfb-fe505e4089b8 43405 --- [http-nio-8080-exec-1] c.e.e.conrollers.MainController          : Test request received with count: 2
2022-10-04 14:12:58.003  INFO CorrelationId=a4bcd468-45a9-43f7-9dfb-fe505e4089b8 43405 --- [http-nio-8080-exec-1] c.e.elkLogSystem.service.LogGenerator    : Start generating logs
2022-10-04 14:12:58.004  INFO CorrelationId=a4bcd468-45a9-43f7-9dfb-fe505e4089b8 43405 --- [http-nio-8080-exec-1] c.e.elkLogSystem.service.LogGenerator    : Log 0
2022-10-04 14:12:58.004  INFO CorrelationId=a4bcd468-45a9-43f7-9dfb-fe505e4089b8 43405 --- [http-nio-8080-exec-1] c.e.elkLogSystem.service.LogGenerator    : Log 1
2022-10-04 14:25:08.107  INFO  44500 --- [main] c.e.e.ElkLogSystemApplication            : Starting ElkLogSystemApplication using Java 18 on artem-ROG-Strix-G513IC-G513IC with PID 44500 (/home/artem/work/elkLogsSystem/elkLogSystem/target/classes started by artem in /home/artem/work/elkLogsSystem/elkLogSystem)
2022-10-04 14:25:08.109  INFO  44500 --- [main] c.e.e.ElkLogSystemApplication            : No active profile set, falling back to 1 default profile: "default"
2022-10-04 14:25:08.780  INFO  44500 --- [main] o.s.b.w.embedded.tomcat.TomcatWebServer  : Tomcat initialized with port(s): 8080 (http)
2022-10-04 14:25:08.786  INFO  44500 --- [main] o.apache.catalina.core.StandardService   : Starting service [Tomcat]
2022-10-04 14:25:08.786  INFO  44500 --- [main] org.apache.catalina.core.StandardEngine  : Starting Servlet engine: [Apache Tomcat/9.0.65]
2022-10-04 14:25:08.844  INFO  44500 --- [main] o.a.c.c.C.[Tomcat].[localhost].[/]       : Initializing Spring embedded WebApplicationContext
2022-10-04 14:25:08.844  INFO  44500 --- [main] w.s.c.ServletWebServerApplicationContext : Root WebApplicationContext: initialization completed in 685 ms
2022-10-04 14:25:09.265  INFO  44500 --- [main] o.s.b.w.embedded.tomcat.TomcatWebServer  : Tomcat started on port(s): 8080 (http) with context path ''
2022-10-04 14:25:09.275  INFO  44500 --- [main] c.e.e.ElkLogSystemApplication            : Started ElkLogSystemApplication in 1.421 seconds (JVM running for 1.872)
